0 verbose cli C:\Program Files\nodejs\node.exe C:\Program Files\nodejs\node_modules\npm\bin\npm-cli.js
1 info using npm@10.8.2
2 info using node@v18.20.5
3 silly config load:file:C:\Program Files\nodejs\node_modules\npm\npmrc
4 silly config load:file:C:\Users\saadr\Downloads\Diy-ai-main\Diy-ai-main\.npmrc
5 silly config load:file:C:\Users\saadr\.npmrc
6 silly config load:file:C:\Users\saadr\AppData\Roaming\npm\etc\npmrc
7 verbose title npm uninstall @clerk/nextjs
8 verbose argv "uninstall" "@clerk/nextjs"
9 verbose logfile logs-max:10 dir:C:\Users\saadr\Downloads\Diy-ai-main\Diy-ai-main\%APPDATA%\npm-cache\_logs\2025-01-11T06_35_44_810Z-
10 verbose logfile C:\Users\saadr\Downloads\Diy-ai-main\Diy-ai-main\%APPDATA%\npm-cache\_logs\2025-01-11T06_35_44_810Z-debug-0.log
11 silly packumentCache heap:4345298944 maxSize:1086324736 maxEntrySize:543162368
12 silly logfile start cleaning logs, removing 1 files
13 silly logfile done cleaning log files
14 silly idealTree buildDeps
15 silly reify mark retired [
15 silly reify   'C:\\Users\\saadr\\Downloads\\Diy-ai-main\\Diy-ai-main\\node_modules\\@clerk\\backend'
15 silly reify ]
16 silly reify mark retired [
16 silly reify   'C:\\Users\\saadr\\Downloads\\Diy-ai-main\\Diy-ai-main\\node_modules\\@clerk\\clerk-react'
16 silly reify ]
17 silly reify mark retired [
17 silly reify   'C:\\Users\\saadr\\Downloads\\Diy-ai-main\\Diy-ai-main\\node_modules\\@clerk\\nextjs'
17 silly reify ]
18 silly reify mark retired [
18 silly reify   'C:\\Users\\saadr\\Downloads\\Diy-ai-main\\Diy-ai-main\\node_modules\\@clerk\\shared'
18 silly reify ]
19 silly reify mark retired [
19 silly reify   'C:\\Users\\saadr\\Downloads\\Diy-ai-main\\Diy-ai-main\\node_modules\\@clerk\\types'
19 silly reify ]
20 silly reify mark retired [
20 silly reify   'C:\\Users\\saadr\\Downloads\\Diy-ai-main\\Diy-ai-main\\node_modules\\cookie'
20 silly reify ]
21 silly reify mark retired [
21 silly reify   'C:\\Users\\saadr\\Downloads\\Diy-ai-main\\Diy-ai-main\\node_modules\\crypto-js'
21 silly reify ]
22 silly reify mark retired [
22 silly reify   'C:\\Users\\saadr\\Downloads\\Diy-ai-main\\Diy-ai-main\\node_modules\\dequal'
22 silly reify ]
23 silly reify mark retired [
23 silly reify   'C:\\Users\\saadr\\Downloads\\Diy-ai-main\\Diy-ai-main\\node_modules\\dot-case'
23 silly reify ]
24 silly reify mark retired [
24 silly reify   'C:\\Users\\saadr\\Downloads\\Diy-ai-main\\Diy-ai-main\\node_modules\\glob-to-regexp'
24 silly reify ]
25 silly reify mark retired [
25 silly reify   'C:\\Users\\saadr\\Downloads\\Diy-ai-main\\Diy-ai-main\\node_modules\\js-cookie'
25 silly reify ]
26 silly reify mark retired [
26 silly reify   'C:\\Users\\saadr\\Downloads\\Diy-ai-main\\Diy-ai-main\\node_modules\\lower-case'
26 silly reify ]
27 silly reify mark retired [
27 silly reify   'C:\\Users\\saadr\\Downloads\\Diy-ai-main\\Diy-ai-main\\node_modules\\map-obj'
27 silly reify ]
28 silly reify mark retired [
28 silly reify   'C:\\Users\\saadr\\Downloads\\Diy-ai-main\\Diy-ai-main\\node_modules\\no-case'
28 silly reify ]
29 silly reify mark retired [
29 silly reify   'C:\\Users\\saadr\\Downloads\\Diy-ai-main\\Diy-ai-main\\node_modules\\server-only'
29 silly reify ]
30 silly reify mark retired [
30 silly reify   'C:\\Users\\saadr\\Downloads\\Diy-ai-main\\Diy-ai-main\\node_modules\\snake-case'
30 silly reify ]
31 silly reify mark retired [
31 silly reify   'C:\\Users\\saadr\\Downloads\\Diy-ai-main\\Diy-ai-main\\node_modules\\snakecase-keys'
31 silly reify ]
32 silly reify mark retired [
32 silly reify   'C:\\Users\\saadr\\Downloads\\Diy-ai-main\\Diy-ai-main\\node_modules\\std-env'
32 silly reify ]
33 silly reify mark retired [
33 silly reify   'C:\\Users\\saadr\\Downloads\\Diy-ai-main\\Diy-ai-main\\node_modules\\swr'
33 silly reify ]
34 silly reify mark retired [
34 silly reify   'C:\\Users\\saadr\\Downloads\\Diy-ai-main\\Diy-ai-main\\node_modules\\type-fest'
34 silly reify ]
35 silly reify mark retired [
35 silly reify   'C:\\Users\\saadr\\Downloads\\Diy-ai-main\\Diy-ai-main\\node_modules\\use-sync-external-store'
35 silly reify ]
36 silly reify moves {
36 silly reify   'C:\\Users\\saadr\\Downloads\\Diy-ai-main\\Diy-ai-main\\node_modules\\@clerk\\backend': 'C:\\Users\\saadr\\Downloads\\Diy-ai-main\\Diy-ai-main\\node_modules\\@clerk\\.backend-7I5qsrGB',
36 silly reify   'C:\\Users\\saadr\\Downloads\\Diy-ai-main\\Diy-ai-main\\node_modules\\@clerk\\clerk-react': 'C:\\Users\\saadr\\Downloads\\Diy-ai-main\\Diy-ai-main\\node_modules\\@clerk\\.clerk-react-bjaI1sZO',
36 silly reify   'C:\\Users\\saadr\\Downloads\\Diy-ai-main\\Diy-ai-main\\node_modules\\@clerk\\nextjs': 'C:\\Users\\saadr\\Downloads\\Diy-ai-main\\Diy-ai-main\\node_modules\\@clerk\\.nextjs-7fag4WWD',
36 silly reify   'C:\\Users\\saadr\\Downloads\\Diy-ai-main\\Diy-ai-main\\node_modules\\@clerk\\shared': 'C:\\Users\\saadr\\Downloads\\Diy-ai-main\\Diy-ai-main\\node_modules\\@clerk\\.shared-RoRdKKag',
36 silly reify   'C:\\Users\\saadr\\Downloads\\Diy-ai-main\\Diy-ai-main\\node_modules\\@clerk\\types': 'C:\\Users\\saadr\\Downloads\\Diy-ai-main\\Diy-ai-main\\node_modules\\@clerk\\.types-aSnrzx5G',
36 silly reify   'C:\\Users\\saadr\\Downloads\\Diy-ai-main\\Diy-ai-main\\node_modules\\cookie': 'C:\\Users\\saadr\\Downloads\\Diy-ai-main\\Diy-ai-main\\node_modules\\.cookie-UAnxauzT',
36 silly reify   'C:\\Users\\saadr\\Downloads\\Diy-ai-main\\Diy-ai-main\\node_modules\\crypto-js': 'C:\\Users\\saadr\\Downloads\\Diy-ai-main\\Diy-ai-main\\node_modules\\.crypto-js-bGn118V6',
36 silly reify   'C:\\Users\\saadr\\Downloads\\Diy-ai-main\\Diy-ai-main\\node_modules\\dequal': 'C:\\Users\\saadr\\Downloads\\Diy-ai-main\\Diy-ai-main\\node_modules\\.dequal-JEXpS1th',
36 silly reify   'C:\\Users\\saadr\\Downloads\\Diy-ai-main\\Diy-ai-main\\node_modules\\dot-case': 'C:\\Users\\saadr\\Downloads\\Diy-ai-main\\Diy-ai-main\\node_modules\\.dot-case-KEgy3sNh',
36 silly reify   'C:\\Users\\saadr\\Downloads\\Diy-ai-main\\Diy-ai-main\\node_modules\\glob-to-regexp': 'C:\\Users\\saadr\\Downloads\\Diy-ai-main\\Diy-ai-main\\node_modules\\.glob-to-regexp-lG5oQLey',
36 silly reify   'C:\\Users\\saadr\\Downloads\\Diy-ai-main\\Diy-ai-main\\node_modules\\js-cookie': 'C:\\Users\\saadr\\Downloads\\Diy-ai-main\\Diy-ai-main\\node_modules\\.js-cookie-8E3oCf5T',
36 silly reify   'C:\\Users\\saadr\\Downloads\\Diy-ai-main\\Diy-ai-main\\node_modules\\lower-case': 'C:\\Users\\saadr\\Downloads\\Diy-ai-main\\Diy-ai-main\\node_modules\\.lower-case-wRRqc1CM',
36 silly reify   'C:\\Users\\saadr\\Downloads\\Diy-ai-main\\Diy-ai-main\\node_modules\\map-obj': 'C:\\Users\\saadr\\Downloads\\Diy-ai-main\\Diy-ai-main\\node_modules\\.map-obj-AadHyEQX',
36 silly reify   'C:\\Users\\saadr\\Downloads\\Diy-ai-main\\Diy-ai-main\\node_modules\\no-case': 'C:\\Users\\saadr\\Downloads\\Diy-ai-main\\Diy-ai-main\\node_modules\\.no-case-1sqJOdVB',
36 silly reify   'C:\\Users\\saadr\\Downloads\\Diy-ai-main\\Diy-ai-main\\node_modules\\server-only': 'C:\\Users\\saadr\\Downloads\\Diy-ai-main\\Diy-ai-main\\node_modules\\.server-only-posIEjoJ',
36 silly reify   'C:\\Users\\saadr\\Downloads\\Diy-ai-main\\Diy-ai-main\\node_modules\\snake-case': 'C:\\Users\\saadr\\Downloads\\Diy-ai-main\\Diy-ai-main\\node_modules\\.snake-case-xZWAjXGg',
36 silly reify   'C:\\Users\\saadr\\Downloads\\Diy-ai-main\\Diy-ai-main\\node_modules\\snakecase-keys': 'C:\\Users\\saadr\\Downloads\\Diy-ai-main\\Diy-ai-main\\node_modules\\.snakecase-keys-DmagqpLH',
36 silly reify   'C:\\Users\\saadr\\Downloads\\Diy-ai-main\\Diy-ai-main\\node_modules\\std-env': 'C:\\Users\\saadr\\Downloads\\Diy-ai-main\\Diy-ai-main\\node_modules\\.std-env-6tnIsGXC',
36 silly reify   'C:\\Users\\saadr\\Downloads\\Diy-ai-main\\Diy-ai-main\\node_modules\\swr': 'C:\\Users\\saadr\\Downloads\\Diy-ai-main\\Diy-ai-main\\node_modules\\.swr-Lt9ZTnPP',
36 silly reify   'C:\\Users\\saadr\\Downloads\\Diy-ai-main\\Diy-ai-main\\node_modules\\type-fest': 'C:\\Users\\saadr\\Downloads\\Diy-ai-main\\Diy-ai-main\\node_modules\\.type-fest-ckkrRGzD',
36 silly reify   'C:\\Users\\saadr\\Downloads\\Diy-ai-main\\Diy-ai-main\\node_modules\\use-sync-external-store': 'C:\\Users\\saadr\\Downloads\\Diy-ai-main\\Diy-ai-main\\node_modules\\.use-sync-external-store-djiSVENX'
36 silly reify }
37 silly audit bulk request {
37 silly audit   '@alloc/quick-lru': [ '5.2.0' ],
37 silly audit   '@emnapi/runtime': [ '1.3.1' ],
37 silly audit   '@eslint-community/eslint-utils': [ '4.4.1' ],
37 silly audit   'eslint-visitor-keys': [ '3.4.3', '4.2.0' ],
37 silly audit   '@eslint-community/regexpp': [ '4.12.1' ],
37 silly audit   '@eslint/config-array': [ '0.19.1' ],
37 silly audit   '@eslint/core': [ '0.9.1' ],
37 silly audit   '@eslint/eslintrc': [ '3.2.0' ],
37 silly audit   '@eslint/js': [ '9.17.0' ],
37 silly audit   '@eslint/object-schema': [ '2.1.5' ],
37 silly audit   '@eslint/plugin-kit': [ '0.2.4' ],
37 silly audit   '@humanfs/core': [ '0.19.1' ],
37 silly audit   '@humanfs/node': [ '0.16.6' ],
37 silly audit   '@humanwhocodes/retry': [ '0.3.1', '0.4.1' ],
37 silly audit   '@humanwhocodes/module-importer': [ '1.0.1' ],
37 silly audit   '@img/sharp-darwin-arm64': [ '0.33.5' ],
37 silly audit   '@img/sharp-darwin-x64': [ '0.33.5' ],
37 silly audit   '@img/sharp-libvips-darwin-arm64': [ '1.0.4' ],
37 silly audit   '@img/sharp-libvips-darwin-x64': [ '1.0.4' ],
37 silly audit   '@img/sharp-libvips-linux-arm': [ '1.0.5' ],
37 silly audit   '@img/sharp-libvips-linux-arm64': [ '1.0.4' ],
37 silly audit   '@img/sharp-libvips-linux-s390x': [ '1.0.4' ],
37 silly audit   '@img/sharp-libvips-linux-x64': [ '1.0.4' ],
37 silly audit   '@img/sharp-libvips-linuxmusl-arm64': [ '1.0.4' ],
37 silly audit   '@img/sharp-libvips-linuxmusl-x64': [ '1.0.4' ],
37 silly audit   '@img/sharp-linux-arm': [ '0.33.5' ],
37 silly audit   '@img/sharp-linux-arm64': [ '0.33.5' ],
37 silly audit   '@img/sharp-linux-s390x': [ '0.33.5' ],
37 silly audit   '@img/sharp-linux-x64': [ '0.33.5' ],
37 silly audit   '@img/sharp-linuxmusl-arm64': [ '0.33.5' ],
37 silly audit   '@img/sharp-linuxmusl-x64': [ '0.33.5' ],
37 silly audit   '@img/sharp-wasm32': [ '0.33.5' ],
37 silly audit   '@img/sharp-win32-ia32': [ '0.33.5' ],
37 silly audit   '@img/sharp-win32-x64': [ '0.33.5' ],
37 silly audit   '@isaacs/cliui': [ '8.0.2' ],
37 silly audit   '@jridgewell/gen-mapping': [ '0.3.8' ],
37 silly audit   '@jridgewell/resolve-uri': [ '3.1.2' ],
37 silly audit   '@jridgewell/set-array': [ '1.2.1' ],
37 silly audit   '@jridgewell/sourcemap-codec': [ '1.5.0' ],
37 silly audit   '@jridgewell/trace-mapping': [ '0.3.25' ],
37 silly audit   '@next/env': [ '15.1.0' ],
37 silly audit   '@next/eslint-plugin-next': [ '15.1.0' ],
37 silly audit   '@next/swc-darwin-arm64': [ '15.1.0' ],
37 silly audit   '@next/swc-darwin-x64': [ '15.1.0' ],
37 silly audit   '@next/swc-linux-arm64-gnu': [ '15.1.0' ],
37 silly audit   '@next/swc-linux-arm64-musl': [ '15.1.0' ],
37 silly audit   '@next/swc-linux-x64-gnu': [ '15.1.0' ],
37 silly audit   '@next/swc-linux-x64-musl': [ '15.1.0' ],
37 silly audit   '@next/swc-win32-arm64-msvc': [ '15.1.0' ],
37 silly audit   '@next/swc-win32-x64-msvc': [ '15.1.0' ],
37 silly audit   '@nodelib/fs.scandir': [ '2.1.5' ],
37 silly audit   '@nodelib/fs.stat': [ '2.0.5' ],
37 silly audit   '@nodelib/fs.walk': [ '1.2.8' ],
37 silly audit   '@nolyfill/is-core-module': [ '1.0.39' ],
37 silly audit   '@pkgjs/parseargs': [ '0.11.0' ],
37 silly audit   '@rtsao/scc': [ '1.1.0' ],
37 silly audit   '@rushstack/eslint-patch': [ '1.10.4' ],
37 silly audit   '@swc/counter': [ '0.1.3' ],
37 silly audit   '@swc/helpers': [ '0.5.15' ],
37 silly audit   tslib: [ '2.8.1', '2.4.1' ],
37 silly audit   '@types/estree': [ '1.0.6' ],
37 silly audit   '@types/json-schema': [ '7.0.15' ],
37 silly audit   '@types/json5': [ '0.0.29' ],
37 silly audit   '@types/node': [ '20.17.12' ],
37 silly audit   '@types/react': [ '19.0.3' ],
37 silly audit   '@types/react-dom': [ '19.0.2' ],
37 silly audit   '@typescript-eslint/eslint-plugin': [ '8.19.1' ],
37 silly audit   '@typescript-eslint/parser': [ '8.19.1' ],
37 silly audit   '@typescript-eslint/scope-manager': [ '8.19.1' ],
37 silly audit   '@typescript-eslint/type-utils': [ '8.19.1' ],
37 silly audit   '@typescript-eslint/types': [ '8.19.1' ],
37 silly audit   '@typescript-eslint/typescript-estree': [ '8.19.1' ],
37 silly audit   'brace-expansion': [ '2.0.1', '1.1.11' ],
37 silly audit   'fast-glob': [ '3.3.3', '3.3.1' ],
37 silly audit   'glob-parent': [ '5.1.2', '6.0.2' ],
37 silly audit   minimatch: [ '9.0.5', '3.1.2' ],
37 silly audit   '@typescript-eslint/utils': [ '8.19.1' ],
37 silly audit   '@typescript-eslint/visitor-keys': [ '8.19.1' ],
37 silly audit   acorn: [ '8.14.0' ],
37 silly audit   'acorn-jsx': [ '5.3.2' ],
37 silly audit   ajv: [ '6.12.6' ],
37 silly audit   'ansi-regex': [ '6.1.0', '5.0.1' ],
37 silly audit   'ansi-styles': [ '4.3.0', '6.2.1' ],
37 silly audit   'any-promise': [ '1.3.0' ],
37 silly audit   anymatch: [ '3.1.3' ],
37 silly audit   arg: [ '5.0.2' ],
37 silly audit   argparse: [ '2.0.1' ],
37 silly audit   'aria-query': [ '5.3.2' ],
37 silly audit   'array-buffer-byte-length': [ '1.0.2' ],
37 silly audit   'array-includes': [ '3.1.8' ],
37 silly audit   'array.prototype.findlast': [ '1.2.5' ],
37 silly audit   'array.prototype.findlastindex': [ '1.2.5' ],
37 silly audit   'array.prototype.flat': [ '1.3.3' ],
37 silly audit   'array.prototype.flatmap': [ '1.3.3' ],
37 silly audit   'array.prototype.tosorted': [ '1.1.4' ],
37 silly audit   'arraybuffer.prototype.slice': [ '1.0.4' ],
37 silly audit   'ast-types-flow': [ '0.0.8' ],
37 silly audit   'available-typed-arrays': [ '1.0.7' ],
37 silly audit   'axe-core': [ '4.10.2' ],
37 silly audit   'axobject-query': [ '4.1.0' ],
37 silly audit   'balanced-match': [ '1.0.2' ],
37 silly audit   'binary-extensions': [ '2.3.0' ],
37 silly audit   braces: [ '3.0.3' ],
37 silly audit   busboy: [ '1.6.0' ],
37 silly audit   'call-bind': [ '1.0.8' ],
37 silly audit   'call-bind-apply-helpers': [ '1.0.1' ],
37 silly audit   'call-bound': [ '1.0.3' ],
37 silly audit   callsites: [ '3.1.0' ],
37 silly audit   'camelcase-css': [ '2.0.1' ],
37 silly audit   'caniuse-lite': [ '1.0.30001690' ],
37 silly audit   chalk: [ '4.1.2' ],
37 silly audit   chokidar: [ '3.6.0' ],
37 silly audit   'client-only': [ '0.0.1' ],
37 silly audit   color: [ '4.2.3' ],
37 silly audit   'color-convert': [ '2.0.1' ],
37 silly audit   'color-name': [ '1.1.4' ],
37 silly audit   'color-string': [ '1.9.1' ],
37 silly audit   commander: [ '4.1.1' ],
37 silly audit   'concat-map': [ '0.0.1' ],
37 silly audit   'cross-spawn': [ '7.0.6' ],
37 silly audit   cssesc: [ '3.0.0' ],
37 silly audit   csstype: [ '3.1.1' ],
37 silly audit   'damerau-levenshtein': [ '1.0.8' ],
37 silly audit   'data-view-buffer': [ '1.0.2' ],
37 silly audit   'data-view-byte-length': [ '1.0.2' ],
37 silly audit   'data-view-byte-offset': [ '1.0.1' ],
37 silly audit   debug: [ '4.4.0', '3.2.7' ],
37 silly audit   'deep-is': [ '0.1.4' ],
37 silly audit   'define-data-property': [ '1.1.4' ],
37 silly audit   'define-properties': [ '1.2.1' ],
37 silly audit   'detect-libc': [ '2.0.3' ],
37 silly audit   didyoumean: [ '1.2.2' ],
37 silly audit   dlv: [ '1.1.3' ],
37 silly audit   doctrine: [ '2.1.0' ],
37 silly audit   'dunder-proto': [ '1.0.1' ],
37 silly audit   eastasianwidth: [ '0.2.0' ],
37 silly audit   'emoji-regex': [ '9.2.2', '8.0.0' ],
37 silly audit   'enhanced-resolve': [ '5.18.0' ],
37 silly audit   'es-abstract': [ '1.23.9' ],
37 silly audit   'es-define-property': [ '1.0.1' ],
37 silly audit   'es-errors': [ '1.3.0' ],
37 silly audit   'es-iterator-helpers': [ '1.2.1' ],
37 silly audit   'es-object-atoms': [ '1.0.0' ],
37 silly audit   'es-set-tostringtag': [ '2.1.0' ],
37 silly audit   'es-shim-unscopables': [ '1.0.2' ],
37 silly audit   'es-to-primitive': [ '1.3.0' ],
37 silly audit   'escape-string-regexp': [ '4.0.0' ],
37 silly audit   eslint: [ '9.17.0' ],
37 silly audit   'eslint-config-next': [ '15.1.0' ],
37 silly audit   'eslint-import-resolver-node': [ '0.3.9' ],
37 silly audit   'eslint-import-resolver-typescript': [ '3.7.0' ],
37 silly audit   'eslint-module-utils': [ '2.12.0' ],
37 silly audit   'eslint-plugin-import': [ '2.31.0' ],
37 silly audit   semver: [ '6.3.1', '7.6.3' ],
37 silly audit   'eslint-plugin-jsx-a11y': [ '6.10.2' ],
37 silly audit   'eslint-plugin-react': [ '7.37.3' ],
37 silly audit   'eslint-plugin-react-hooks': [ '5.1.0' ],
37 silly audit   resolve: [ '2.0.0-next.5', '1.22.10' ],
37 silly audit   'eslint-scope': [ '8.2.0' ],
37 silly audit   espree: [ '10.3.0' ],
37 silly audit   esquery: [ '1.6.0' ],
37 silly audit   esrecurse: [ '4.3.0' ],
37 silly audit   estraverse: [ '5.3.0' ],
37 silly audit   esutils: [ '2.0.3' ],
37 silly audit   'fast-deep-equal': [ '3.1.3' ],
37 silly audit   'fast-json-stable-stringify': [ '2.1.0' ],
37 silly audit   'fast-levenshtein': [ '2.0.6' ],
37 silly audit   fastq: [ '1.18.0' ],
37 silly audit   'file-entry-cache': [ '8.0.0' ],
37 silly audit   'fill-range': [ '7.1.1' ],
37 silly audit   'find-up': [ '5.0.0' ],
37 silly audit   'flat-cache': [ '4.0.1' ],
37 silly audit   flatted: [ '3.3.2' ],
37 silly audit   'for-each': [ '0.3.3' ],
37 silly audit   'foreground-child': [ '3.3.0' ],
37 silly audit   fsevents: [ '2.3.3' ],
37 silly audit   'function-bind': [ '1.1.2' ],
37 silly audit   'function.prototype.name': [ '1.1.8' ],
37 silly audit   'functions-have-names': [ '1.2.3' ],
37 silly audit   'get-intrinsic': [ '1.2.7' ],
37 silly audit   'get-proto': [ '1.0.1' ],
37 silly audit   'get-symbol-description': [ '1.1.0' ],
37 silly audit   'get-tsconfig': [ '4.8.1' ],
37 silly audit   glob: [ '10.4.5' ],
37 silly audit   globals: [ '14.0.0' ],
37 silly audit   globalthis: [ '1.0.4' ],
37 silly audit   gopd: [ '1.2.0' ],
37 silly audit   'graceful-fs': [ '4.2.11' ],
37 silly audit   graphemer: [ '1.4.0' ],
37 silly audit   'has-bigints': [ '1.1.0' ],
37 silly audit   'has-flag': [ '4.0.0' ],
37 silly audit   'has-property-descriptors': [ '1.0.2' ],
37 silly audit   'has-proto': [ '1.2.0' ],
37 silly audit   'has-symbols': [ '1.1.0' ],
37 silly audit   'has-tostringtag': [ '1.0.2' ],
37 silly audit   hasown: [ '2.0.2' ],
37 silly audit   ignore: [ '5.3.2' ],
37 silly audit   'import-fresh': [ '3.3.0' ],
37 silly audit   imurmurhash: [ '0.1.4' ],
37 silly audit   'internal-slot': [ '1.1.0' ],
37 silly audit   'is-array-buffer': [ '3.0.5' ],
37 silly audit   'is-arrayish': [ '0.3.2' ],
37 silly audit   'is-async-function': [ '2.1.0' ],
37 silly audit   'is-bigint': [ '1.1.0' ],
37 silly audit   'is-binary-path': [ '2.1.0' ],
37 silly audit   'is-boolean-object': [ '1.2.1' ],
37 silly audit   'is-bun-module': [ '1.3.0' ],
37 silly audit   'is-callable': [ '1.2.7' ],
37 silly audit   'is-core-module': [ '2.16.1' ],
37 silly audit   'is-data-view': [ '1.0.2' ],
37 silly audit   'is-date-object': [ '1.1.0' ],
37 silly audit   'is-extglob': [ '2.1.1' ],
37 silly audit   'is-finalizationregistry': [ '1.1.1' ],
37 silly audit   'is-fullwidth-code-point': [ '3.0.0' ],
37 silly audit   'is-generator-function': [ '1.1.0' ],
37 silly audit   'is-glob': [ '4.0.3' ],
37 silly audit   'is-map': [ '2.0.3' ],
37 silly audit   'is-number': [ '7.0.0' ],
37 silly audit   'is-number-object': [ '1.1.1' ],
37 silly audit   'is-regex': [ '1.2.1' ],
37 silly audit   'is-set': [ '2.0.3' ],
37 silly audit   'is-shared-array-buffer': [ '1.0.4' ],
37 silly audit   'is-string': [ '1.1.1' ],
37 silly audit   'is-symbol': [ '1.1.1' ],
37 silly audit   'is-typed-array': [ '1.1.15' ],
37 silly audit   'is-weakmap': [ '2.0.2' ],
37 silly audit   'is-weakref': [ '1.1.0' ],
37 silly audit   'is-weakset': [ '2.0.4' ],
37 silly audit   isarray: [ '2.0.5' ],
37 silly audit   isexe: [ '2.0.0' ],
37 silly audit   'iterator.prototype': [ '1.1.5' ],
37 silly audit   jackspeak: [ '3.4.3' ],
37 silly audit   jiti: [ '1.21.7' ],
37 silly audit   'js-tokens': [ '4.0.0' ],
37 silly audit   'js-yaml': [ '4.1.0' ],
37 silly audit   'json-buffer': [ '3.0.1' ],
37 silly audit   'json-schema-traverse': [ '0.4.1' ],
37 silly audit   'json-stable-stringify-without-jsonify': [ '1.0.1' ],
37 silly audit   json5: [ '1.0.2' ],
37 silly audit   'jsx-ast-utils': [ '3.3.5' ],
37 silly audit   keyv: [ '4.5.4' ],
37 silly audit   'language-subtag-registry': [ '0.3.23' ],
37 silly audit   'language-tags': [ '1.0.9' ],
37 silly audit   levn: [ '0.4.1' ],
37 silly audit   lilconfig: [ '3.1.3' ],
37 silly audit   'lines-and-columns': [ '1.2.4' ],
37 silly audit   'locate-path': [ '6.0.0' ],
37 silly audit   'lodash.merge': [ '4.6.2' ],
37 silly audit   'loose-envify': [ '1.4.0' ],
37 silly audit   'lru-cache': [ '10.4.3' ],
37 silly audit   'lucide-react': [ '0.468.0' ],
37 silly audit   'math-intrinsics': [ '1.1.0' ],
37 silly audit   merge2: [ '1.4.1' ],
37 silly audit   micromatch: [ '4.0.8' ],
37 silly audit   minimist: [ '1.2.8' ],
37 silly audit   minipass: [ '7.1.2' ],
37 silly audit   ms: [ '2.1.3' ],
37 silly audit   mz: [ '2.7.0' ],
37 silly audit   nanoid: [ '3.3.8' ],
37 silly audit   'natural-compare': [ '1.4.0' ],
37 silly audit   next: [ '15.1.0' ],
37 silly audit   postcss: [ '8.4.31', '8.4.49' ],
37 silly audit   'normalize-path': [ '3.0.0' ],
37 silly audit   'object-assign': [ '4.1.1' ],
37 silly audit   'object-hash': [ '3.0.0' ],
37 silly audit   'object-inspect': [ '1.13.3' ],
37 silly audit   'object-keys': [ '1.1.1' ],
37 silly audit   'object.assign': [ '4.1.7' ],
37 silly audit   'object.entries': [ '1.1.8' ],
37 silly audit   'object.fromentries': [ '2.0.8' ],
37 silly audit   'object.groupby': [ '1.0.3' ],
37 silly audit   'object.values': [ '1.2.1' ],
37 silly audit   optionator: [ '0.9.4' ],
37 silly audit   'own-keys': [ '1.0.1' ],
37 silly audit   'p-limit': [ '3.1.0' ],
37 silly audit   'p-locate': [ '5.0.0' ],
37 silly audit   'package-json-from-dist': [ '1.0.1' ],
37 silly audit   'parent-module': [ '1.0.1' ],
37 silly audit   'path-exists': [ '4.0.0' ],
37 silly audit   'path-key': [ '3.1.1' ],
37 silly audit   'path-parse': [ '1.0.7' ],
37 silly audit   'path-scurry': [ '1.11.1' ],
37 silly audit   picocolors: [ '1.1.1' ],
37 silly audit   picomatch: [ '2.3.1' ],
37 silly audit   pify: [ '2.3.0' ],
37 silly audit   pirates: [ '4.0.6' ],
37 silly audit   'possible-typed-array-names': [ '1.0.0' ],
37 silly audit   'postcss-import': [ '15.1.0' ],
37 silly audit   'postcss-js': [ '4.0.1' ],
37 silly audit   'postcss-load-config': [ '4.0.2' ],
37 silly audit   'postcss-nested': [ '6.2.0' ],
37 silly audit   'postcss-selector-parser': [ '6.1.2' ],
37 silly audit   'postcss-value-parser': [ '4.2.0' ],
37 silly audit   'prelude-ls': [ '1.2.1' ],
37 silly audit   'prop-types': [ '15.8.1' ],
37 silly audit   punycode: [ '2.3.1' ],
37 silly audit   'queue-microtask': [ '1.2.3' ],
37 silly audit   react: [ '19.0.0' ],
37 silly audit   'react-dom': [ '19.0.0' ],
37 silly audit   'react-is': [ '16.13.1' ],
37 silly audit   'read-cache': [ '1.0.0' ],
37 silly audit   readdirp: [ '3.6.0' ],
37 silly audit   'reflect.getprototypeof': [ '1.0.10' ],
37 silly audit   'regexp.prototype.flags': [ '1.5.4' ],
37 silly audit   'resolve-from': [ '4.0.0' ],
37 silly audit   'resolve-pkg-maps': [ '1.0.0' ],
37 silly audit   reusify: [ '1.0.4' ],
37 silly audit   'run-parallel': [ '1.2.0' ],
37 silly audit   'safe-array-concat': [ '1.1.3' ],
37 silly audit   'safe-push-apply': [ '1.0.0' ],
37 silly audit   'safe-regex-test': [ '1.1.0' ],
37 silly audit   scheduler: [ '0.25.0' ],
37 silly audit   'set-function-length': [ '1.2.2' ],
37 silly audit   'set-function-name': [ '2.0.2' ],
37 silly audit   'set-proto': [ '1.0.0' ],
37 silly audit   sharp: [ '0.33.5' ],
37 silly audit   'shebang-command': [ '2.0.0' ],
37 silly audit   'shebang-regex': [ '3.0.0' ],
37 silly audit   'side-channel': [ '1.1.0' ],
37 silly audit   'side-channel-list': [ '1.0.0' ],
37 silly audit   'side-channel-map': [ '1.0.1' ],
37 silly audit   'side-channel-weakmap': [ '1.0.2' ],
37 silly audit   'signal-exit': [ '4.1.0' ],
37 silly audit   'simple-swizzle': [ '0.2.2' ],
37 silly audit   'source-map-js': [ '1.2.1' ],
37 silly audit   'stable-hash': [ '0.0.4' ],
37 silly audit   streamsearch: [ '1.1.0' ],
37 silly audit   'string-width': [ '5.1.2', '4.2.3' ],
37 silly audit   'strip-ansi': [ '6.0.1', '7.1.0' ],
37 silly audit   'string.prototype.includes': [ '2.0.1' ],
37 silly audit   'string.prototype.matchall': [ '4.0.12' ],
37 silly audit   'string.prototype.repeat': [ '1.0.0' ],
37 silly audit   'string.prototype.trim': [ '1.2.10' ],
37 silly audit   'string.prototype.trimend': [ '1.0.9' ],
37 silly audit   'string.prototype.trimstart': [ '1.0.8' ],
37 silly audit   'strip-bom': [ '3.0.0' ],
37 silly audit   'strip-json-comments': [ '3.1.1' ],
37 silly audit   'styled-jsx': [ '5.1.6' ],
37 silly audit   sucrase: [ '3.35.0' ],
37 silly audit   'supports-color': [ '7.2.0' ],
37 silly audit   'supports-preserve-symlinks-flag': [ '1.0.0' ],
37 silly audit   tailwindcss: [ '3.4.17' ],
37 silly audit   tapable: [ '2.2.1' ],
37 silly audit   thenify: [ '3.3.1' ],
37 silly audit   'thenify-all': [ '1.6.0' ],
37 silly audit   'to-regex-range': [ '5.0.1' ],
37 silly audit   'ts-api-utils': [ '2.0.0' ],
37 silly audit   'ts-interface-checker': [ '0.1.13' ],
37 silly audit   'tsconfig-paths': [ '3.15.0' ],
37 silly audit   'type-check': [ '0.4.0' ],
37 silly audit   'typed-array-buffer': [ '1.0.3' ],
37 silly audit   'typed-array-byte-length': [ '1.0.3' ],
37 silly audit   'typed-array-byte-offset': [ '1.0.4' ],
37 silly audit   'typed-array-length': [ '1.0.7' ],
37 silly audit   typescript: [ '5.7.2' ],
37 silly audit   'unbox-primitive': [ '1.1.0' ],
37 silly audit   'undici-types': [ '6.19.8' ],
37 silly audit   'uri-js': [ '4.4.1' ],
37 silly audit   'util-deprecate': [ '1.0.2' ],
37 silly audit   which: [ '2.0.2' ],
37 silly audit   'which-boxed-primitive': [ '1.1.1' ],
37 silly audit   'which-builtin-type': [ '1.2.1' ],
37 silly audit   'which-collection': [ '1.0.2' ],
37 silly audit   'which-typed-array': [ '1.1.18' ],
37 silly audit   'word-wrap': [ '1.2.5' ],
37 silly audit   'wrap-ansi': [ '8.1.0', '7.0.0' ],
37 silly audit   yaml: [ '2.7.0' ],
37 silly audit   'yocto-queue': [ '0.1.0' ]
37 silly audit }
38 verbose reify failed optional dependency C:\Users\saadr\Downloads\Diy-ai-main\Diy-ai-main\node_modules\fsevents
39 silly reify mark deleted [
39 silly reify   'C:\\Users\\saadr\\Downloads\\Diy-ai-main\\Diy-ai-main\\node_modules\\fsevents'
39 silly reify ]
40 verbose reify failed optional dependency C:\Users\saadr\Downloads\Diy-ai-main\Diy-ai-main\node_modules\@next\swc-win32-arm64-msvc
41 silly reify mark deleted [
41 silly reify   'C:\\Users\\saadr\\Downloads\\Diy-ai-main\\Diy-ai-main\\node_modules\\@next\\swc-win32-arm64-msvc'
41 silly reify ]
42 verbose reify failed optional dependency C:\Users\saadr\Downloads\Diy-ai-main\Diy-ai-main\node_modules\@next\swc-linux-x64-musl
43 silly reify mark deleted [
43 silly reify   'C:\\Users\\saadr\\Downloads\\Diy-ai-main\\Diy-ai-main\\node_modules\\@next\\swc-linux-x64-musl'
43 silly reify ]
44 verbose reify failed optional dependency C:\Users\saadr\Downloads\Diy-ai-main\Diy-ai-main\node_modules\@next\swc-linux-x64-gnu
45 silly reify mark deleted [
45 silly reify   'C:\\Users\\saadr\\Downloads\\Diy-ai-main\\Diy-ai-main\\node_modules\\@next\\swc-linux-x64-gnu'
45 silly reify ]
46 verbose reify failed optional dependency C:\Users\saadr\Downloads\Diy-ai-main\Diy-ai-main\node_modules\@next\swc-linux-arm64-musl
47 silly reify mark deleted [
47 silly reify   'C:\\Users\\saadr\\Downloads\\Diy-ai-main\\Diy-ai-main\\node_modules\\@next\\swc-linux-arm64-musl'
47 silly reify ]
48 verbose reify failed optional dependency C:\Users\saadr\Downloads\Diy-ai-main\Diy-ai-main\node_modules\@next\swc-linux-arm64-gnu
49 silly reify mark deleted [
49 silly reify   'C:\\Users\\saadr\\Downloads\\Diy-ai-main\\Diy-ai-main\\node_modules\\@next\\swc-linux-arm64-gnu'
49 silly reify ]
50 verbose reify failed optional dependency C:\Users\saadr\Downloads\Diy-ai-main\Diy-ai-main\node_modules\@next\swc-darwin-x64
51 silly reify mark deleted [
51 silly reify   'C:\\Users\\saadr\\Downloads\\Diy-ai-main\\Diy-ai-main\\node_modules\\@next\\swc-darwin-x64'
51 silly reify ]
52 verbose reify failed optional dependency C:\Users\saadr\Downloads\Diy-ai-main\Diy-ai-main\node_modules\@next\swc-darwin-arm64
53 silly reify mark deleted [
53 silly reify   'C:\\Users\\saadr\\Downloads\\Diy-ai-main\\Diy-ai-main\\node_modules\\@next\\swc-darwin-arm64'
53 silly reify ]
54 verbose reify failed optional dependency C:\Users\saadr\Downloads\Diy-ai-main\Diy-ai-main\node_modules\@img\sharp-win32-ia32
55 silly reify mark deleted [
55 silly reify   'C:\\Users\\saadr\\Downloads\\Diy-ai-main\\Diy-ai-main\\node_modules\\@img\\sharp-win32-ia32'
55 silly reify ]
56 verbose reify failed optional dependency C:\Users\saadr\Downloads\Diy-ai-main\Diy-ai-main\node_modules\@img\sharp-wasm32
57 silly reify mark deleted [
57 silly reify   'C:\\Users\\saadr\\Downloads\\Diy-ai-main\\Diy-ai-main\\node_modules\\@img\\sharp-wasm32'
57 silly reify ]
58 verbose reify failed optional dependency C:\Users\saadr\Downloads\Diy-ai-main\Diy-ai-main\node_modules\@emnapi\runtime
59 silly reify mark deleted [
59 silly reify   'C:\\Users\\saadr\\Downloads\\Diy-ai-main\\Diy-ai-main\\node_modules\\@emnapi\\runtime'
59 silly reify ]
60 verbose reify failed optional dependency C:\Users\saadr\Downloads\Diy-ai-main\Diy-ai-main\node_modules\tslib
61 silly reify mark deleted [
61 silly reify   'C:\\Users\\saadr\\Downloads\\Diy-ai-main\\Diy-ai-main\\node_modules\\tslib'
61 silly reify ]
62 verbose reify failed optional dependency C:\Users\saadr\Downloads\Diy-ai-main\Diy-ai-main\node_modules\@img\sharp-linuxmusl-x64
63 silly reify mark deleted [
63 silly reify   'C:\\Users\\saadr\\Downloads\\Diy-ai-main\\Diy-ai-main\\node_modules\\@img\\sharp-linuxmusl-x64'
63 silly reify ]
64 verbose reify failed optional dependency C:\Users\saadr\Downloads\Diy-ai-main\Diy-ai-main\node_modules\@img\sharp-linuxmusl-arm64
65 silly reify mark deleted [
65 silly reify   'C:\\Users\\saadr\\Downloads\\Diy-ai-main\\Diy-ai-main\\node_modules\\@img\\sharp-linuxmusl-arm64'
65 silly reify ]
66 verbose reify failed optional dependency C:\Users\saadr\Downloads\Diy-ai-main\Diy-ai-main\node_modules\@img\sharp-linux-x64
67 silly reify mark deleted [
67 silly reify   'C:\\Users\\saadr\\Downloads\\Diy-ai-main\\Diy-ai-main\\node_modules\\@img\\sharp-linux-x64'
67 silly reify ]
68 verbose reify failed optional dependency C:\Users\saadr\Downloads\Diy-ai-main\Diy-ai-main\node_modules\@img\sharp-linux-s390x
69 silly reify mark deleted [
69 silly reify   'C:\\Users\\saadr\\Downloads\\Diy-ai-main\\Diy-ai-main\\node_modules\\@img\\sharp-linux-s390x'
69 silly reify ]
70 verbose reify failed optional dependency C:\Users\saadr\Downloads\Diy-ai-main\Diy-ai-main\node_modules\@img\sharp-linux-arm64
71 silly reify mark deleted [
71 silly reify   'C:\\Users\\saadr\\Downloads\\Diy-ai-main\\Diy-ai-main\\node_modules\\@img\\sharp-linux-arm64'
71 silly reify ]
72 verbose reify failed optional dependency C:\Users\saadr\Downloads\Diy-ai-main\Diy-ai-main\node_modules\@img\sharp-linux-arm
73 silly reify mark deleted [
73 silly reify   'C:\\Users\\saadr\\Downloads\\Diy-ai-main\\Diy-ai-main\\node_modules\\@img\\sharp-linux-arm'
73 silly reify ]
74 verbose reify failed optional dependency C:\Users\saadr\Downloads\Diy-ai-main\Diy-ai-main\node_modules\@img\sharp-libvips-linuxmusl-x64
75 silly reify mark deleted [
75 silly reify   'C:\\Users\\saadr\\Downloads\\Diy-ai-main\\Diy-ai-main\\node_modules\\@img\\sharp-libvips-linuxmusl-x64'
75 silly reify ]
76 verbose reify failed optional dependency C:\Users\saadr\Downloads\Diy-ai-main\Diy-ai-main\node_modules\@img\sharp-libvips-linuxmusl-arm64
77 silly reify mark deleted [
77 silly reify   'C:\\Users\\saadr\\Downloads\\Diy-ai-main\\Diy-ai-main\\node_modules\\@img\\sharp-libvips-linuxmusl-arm64'
77 silly reify ]
78 verbose reify failed optional dependency C:\Users\saadr\Downloads\Diy-ai-main\Diy-ai-main\node_modules\@img\sharp-libvips-linux-x64
79 silly reify mark deleted [
79 silly reify   'C:\\Users\\saadr\\Downloads\\Diy-ai-main\\Diy-ai-main\\node_modules\\@img\\sharp-libvips-linux-x64'
79 silly reify ]
80 verbose reify failed optional dependency C:\Users\saadr\Downloads\Diy-ai-main\Diy-ai-main\node_modules\@img\sharp-libvips-linux-s390x
81 silly reify mark deleted [
81 silly reify   'C:\\Users\\saadr\\Downloads\\Diy-ai-main\\Diy-ai-main\\node_modules\\@img\\sharp-libvips-linux-s390x'
81 silly reify ]
82 verbose reify failed optional dependency C:\Users\saadr\Downloads\Diy-ai-main\Diy-ai-main\node_modules\@img\sharp-libvips-linux-arm64
83 silly reify mark deleted [
83 silly reify   'C:\\Users\\saadr\\Downloads\\Diy-ai-main\\Diy-ai-main\\node_modules\\@img\\sharp-libvips-linux-arm64'
83 silly reify ]
84 verbose reify failed optional dependency C:\Users\saadr\Downloads\Diy-ai-main\Diy-ai-main\node_modules\@img\sharp-libvips-linux-arm
85 silly reify mark deleted [
85 silly reify   'C:\\Users\\saadr\\Downloads\\Diy-ai-main\\Diy-ai-main\\node_modules\\@img\\sharp-libvips-linux-arm'
85 silly reify ]
86 verbose reify failed optional dependency C:\Users\saadr\Downloads\Diy-ai-main\Diy-ai-main\node_modules\@img\sharp-libvips-darwin-x64
87 silly reify mark deleted [
87 silly reify   'C:\\Users\\saadr\\Downloads\\Diy-ai-main\\Diy-ai-main\\node_modules\\@img\\sharp-libvips-darwin-x64'
87 silly reify ]
88 verbose reify failed optional dependency C:\Users\saadr\Downloads\Diy-ai-main\Diy-ai-main\node_modules\@img\sharp-libvips-darwin-arm64
89 silly reify mark deleted [
89 silly reify   'C:\\Users\\saadr\\Downloads\\Diy-ai-main\\Diy-ai-main\\node_modules\\@img\\sharp-libvips-darwin-arm64'
89 silly reify ]
90 verbose reify failed optional dependency C:\Users\saadr\Downloads\Diy-ai-main\Diy-ai-main\node_modules\@img\sharp-darwin-x64
91 silly reify mark deleted [
91 silly reify   'C:\\Users\\saadr\\Downloads\\Diy-ai-main\\Diy-ai-main\\node_modules\\@img\\sharp-darwin-x64'
91 silly reify ]
92 verbose reify failed optional dependency C:\Users\saadr\Downloads\Diy-ai-main\Diy-ai-main\node_modules\@img\sharp-darwin-arm64
93 silly reify mark deleted [
93 silly reify   'C:\\Users\\saadr\\Downloads\\Diy-ai-main\\Diy-ai-main\\node_modules\\@img\\sharp-darwin-arm64'
93 silly reify ]
94 http fetch POST 200 https://registry.npmjs.org/-/npm/v1/security/advisories/bulk 2291ms
95 silly audit report {
95 silly audit report   next: [
95 silly audit report     {
95 silly audit report       id: 1101437,
95 silly audit report       url: 'https://github.com/advisories/GHSA-7m27-7ghc-44w9',
95 silly audit report       title: 'Next.js Allows a Denial of Service (DoS) with Server Actions',
95 silly audit report       severity: 'moderate',
95 silly audit report       vulnerable_versions: '>=15.0.0 <15.1.2',
95 silly audit report       cwe: [Array],
95 silly audit report       cvss: [Object]
95 silly audit report     }
95 silly audit report   ]
95 silly audit report }
96 silly packumentCache corgi:https://registry.npmjs.org/next cache-miss
97 http fetch GET 200 https://registry.npmjs.org/next 2481ms (cache updated)
98 silly packumentCache corgi:https://registry.npmjs.org/next set size:undefined disposed:false
99 silly ADD
100 silly ADD
101 silly ADD
102 silly ADD
103 silly ADD
104 silly ADD
105 silly ADD
106 silly ADD
107 silly ADD
108 silly ADD
109 silly ADD
110 silly ADD
111 silly ADD
112 silly ADD
113 silly ADD
114 silly ADD
115 silly ADD
116 silly ADD
117 silly ADD
118 silly ADD
119 silly ADD
120 silly ADD
121 silly ADD
122 silly ADD
123 silly ADD
124 silly ADD
125 silly ADD
126 silly REMOVE node_modules/use-sync-external-store
127 silly REMOVE node_modules/type-fest
128 silly REMOVE node_modules/swr
129 silly REMOVE node_modules/std-env
130 silly REMOVE node_modules/snakecase-keys
131 silly REMOVE node_modules/snake-case
132 silly REMOVE node_modules/server-only
133 silly REMOVE node_modules/no-case
134 silly REMOVE node_modules/map-obj
135 silly REMOVE node_modules/lower-case
136 silly REMOVE node_modules/js-cookie
137 silly REMOVE node_modules/glob-to-regexp
138 silly REMOVE node_modules/dot-case
139 silly REMOVE node_modules/dequal
140 silly REMOVE node_modules/crypto-js
141 silly REMOVE node_modules/cookie
142 silly REMOVE node_modules/@clerk/types
143 silly REMOVE node_modules/@clerk/shared
144 silly REMOVE node_modules/@clerk/nextjs
145 silly REMOVE node_modules/@clerk/clerk-react
146 silly REMOVE node_modules/@clerk/backend
147 verbose cwd C:\Users\saadr\Downloads\Diy-ai-main\Diy-ai-main
148 verbose os Windows_NT 10.0.22631
149 verbose node v18.20.5
150 verbose npm  v10.8.2
151 verbose exit 0
152 info ok
