0 verbose cli C:\Program Files\nodejs\node.exe C:\Program Files\nodejs\node_modules\npm\bin\npm-cli.js
1 info using npm@10.8.2
2 info using node@v18.20.5
3 silly config load:file:C:\Program Files\nodejs\node_modules\npm\npmrc
4 silly config load:file:C:\Users\saadr\Downloads\Diy-ai-main\Diy-ai-main\.npmrc
5 silly config load:file:C:\Users\saadr\.npmrc
6 silly config load:file:C:\Users\saadr\AppData\Roaming\npm\etc\npmrc
7 verbose title npm cache clean
8 verbose argv "cache" "clean" "--force"
9 verbose logfile logs-max:10 dir:C:\Users\saadr\Downloads\Diy-ai-main\Diy-ai-main\%APPDATA%\npm-cache\_logs\2025-01-10T18_41_20_635Z-
10 verbose logfile C:\Users\saadr\Downloads\Diy-ai-main\Diy-ai-main\%APPDATA%\npm-cache\_logs\2025-01-10T18_41_20_635Z-debug-0.log
11 warn using --force Recommended protections disabled.
12 silly logfile start cleaning logs, removing 1 files
13 silly logfile done cleaning log files
14 verbose cwd C:\Users\saadr\Downloads\Diy-ai-main\Diy-ai-main
15 verbose os Windows_NT 10.0.22631
16 verbose node v18.20.5
17 verbose npm  v10.8.2
18 verbose exit 0
19 info ok
